# JRE version: OpenJDK Runtime Environment (17.0.6) (build 17.0.6+0-b2043.56-9586694)
# Java VM: OpenJDK 64-Bit Server VM (17.0.6+0-b2043.56-9586694, mixed mode, tiered, compressed oops, compressed class ptrs, g1 gc, windows-amd64)
GC Precious Log:
 CPUs: 8 total, 8 available
 Memory: 8072M
 Large Page Support: Disabled
 NUMA Support: Disabled
 Compressed Oops: Enabled (32-bit)
 Heap Region Size: 1M
 Heap Min Capacity: 8M
 Heap Initial Capacity: 128M
 Heap Max Capacity: 2G
 Pre-touch: Disabled
 Parallel Workers: 8
 Concurrent Workers: 2
 Concurrent Refinement Workers: 8
 Periodic GC: Disabled
Heap:
 garbage-first heap   total 232448K, used 125133K [0x0000000080000000, 0x0000000100000000)
  region size 1024K, 3 young (3072K), 3 survivors (3072K)
 Metaspace       used 119655K, committed 120448K, reserved 1155072K
  class space    used 16797K, committed 17152K, reserved 1048576K
GC Heap History (20 events):
Event: 10.284 GC heap after
{Heap after GC invocations=31 (full 0):
 garbage-first heap   total 190464K, used 97029K [0x0000000080000000, 0x0000000100000000)
  region size 1024K, 4 young (4096K), 4 survivors (4096K)
 Metaspace       used 89527K, committed 90176K, reserved 1130496K
  class space    used 12278K, committed 12608K, reserved 1048576K
}
Event: 10.673 GC heap before
{Heap before GC invocations=31 (full 0):
 garbage-first heap   total 190464K, used 153349K [0x0000000080000000, 0x0000000100000000)
  region size 1024K, 60 young (61440K), 4 survivors (4096K)
 Metaspace       used 90191K, committed 90816K, reserved 1130496K
  class space    used 12345K, committed 12608K, reserved 1048576K
}
Event: 10.679 GC heap after
{Heap after GC invocations=32 (full 0):
 garbage-first heap   total 229376K, used 101195K [0x0000000080000000, 0x0000000100000000)
  region size 1024K, 8 young (8192K), 8 survivors (8192K)
 Metaspace       used 90191K, committed 90816K, reserved 1130496K
  class space    used 12345K, committed 12608K, reserved 1048576K
}
Event: 11.184 GC heap before
{Heap before GC invocations=33 (full 0):
 garbage-first heap   total 229376K, used 181067K [0x0000000080000000, 0x0000000100000000)
  region size 1024K, 87 young (89088K), 8 survivors (8192K)
 Metaspace       used 91699K, committed 92352K, reserved 1130496K
  class space    used 12489K, committed 12800K, reserved 1048576K
}
Event: 11.195 GC heap after
{Heap after GC invocations=34 (full 0):
 garbage-first heap   total 229376K, used 107896K [0x0000000080000000, 0x0000000100000000)
  region size 1024K, 11 young (11264K), 11 survivors (11264K)
 Metaspace       used 91699K, committed 92352K, reserved 1130496K
  class space    used 12489K, committed 12800K, reserved 1048576K
}
Event: 11.197 GC heap before
{Heap before GC invocations=34 (full 0):
 garbage-first heap   total 229376K, used 108920K [0x0000000080000000, 0x0000000100000000)
  region size 1024K, 12 young (12288K), 11 survivors (11264K)
 Metaspace       used 91699K, committed 92352K, reserved 1130496K
  class space    used 12489K, committed 12800K, reserved 1048576K
}
Event: 11.206 GC heap after
{Heap after GC invocations=35 (full 0):
 garbage-first heap   total 229376K, used 109043K [0x0000000080000000, 0x0000000100000000)
  region size 1024K, 2 young (2048K), 2 survivors (2048K)
 Metaspace       used 91699K, committed 92352K, reserved 1130496K
  class space    used 12489K, committed 12800K, reserved 1048576K
}
Event: 11.981 GC heap before
{Heap before GC invocations=35 (full 0):
 garbage-first heap   total 229376K, used 162291K [0x0000000080000000, 0x0000000100000000)
  region size 1024K, 56 young (57344K), 2 survivors (2048K)
 Metaspace       used 98656K, committed 99456K, reserved 1138688K
  class space    used 13390K, committed 13760K, reserved 1048576K
}
Event: 11.989 GC heap after
{Heap after GC invocations=36 (full 0):
 garbage-first heap   total 229376K, used 116188K [0x0000000080000000, 0x0000000100000000)
  region size 1024K, 9 young (9216K), 9 survivors (9216K)
 Metaspace       used 98656K, committed 99456K, reserved 1138688K
  class space    used 13390K, committed 13760K, reserved 1048576K
}
Event: 12.891 GC heap before
{Heap before GC invocations=37 (full 0):
 garbage-first heap   total 229376K, used 183772K [0x0000000080000000, 0x0000000100000000)
  region size 1024K, 74 young (75776K), 9 survivors (9216K)
 Metaspace       used 101165K, committed 101952K, reserved 1138688K
  class space    used 13705K, committed 14080K, reserved 1048576K
}
Event: 12.898 GC heap after
{Heap after GC invocations=38 (full 0):
 garbage-first heap   total 229376K, used 118508K [0x0000000080000000, 0x0000000100000000)
  region size 1024K, 4 young (4096K), 4 survivors (4096K)
 Metaspace       used 101165K, committed 101952K, reserved 1138688K
  class space    used 13705K, committed 14080K, reserved 1048576K
}
Event: 12.930 GC heap before
{Heap before GC invocations=38 (full 0):
 garbage-first heap   total 229376K, used 124652K [0x0000000080000000, 0x0000000100000000)
  region size 1024K, 11 young (11264K), 4 survivors (4096K)
 Metaspace       used 101186K, committed 101952K, reserved 1138688K
  class space    used 13708K, committed 14080K, reserved 1048576K
}
Event: 12.933 GC heap after
{Heap after GC invocations=39 (full 0):
 garbage-first heap   total 229376K, used 116598K [0x0000000080000000, 0x0000000100000000)
  region size 1024K, 1 young (1024K), 1 survivors (1024K)
 Metaspace       used 101186K, committed 101952K, reserved 1138688K
  class space    used 13708K, committed 14080K, reserved 1048576K
}
Event: 13.163 GC heap before
{Heap before GC invocations=39 (full 0):
 garbage-first heap   total 229376K, used 184182K [0x0000000080000000, 0x0000000100000000)
  region size 1024K, 68 young (69632K), 1 survivors (1024K)
 Metaspace       used 101227K, committed 102016K, reserved 1138688K
  class space    used 13710K, committed 14080K, reserved 1048576K
}
Event: 13.168 GC heap after
{Heap after GC invocations=40 (full 0):
 garbage-first heap   total 229376K, used 119851K [0x0000000080000000, 0x0000000100000000)
  region size 1024K, 4 young (4096K), 4 survivors (4096K)
 Metaspace       used 101227K, committed 102016K, reserved 1138688K
  class space    used 13710K, committed 14080K, reserved 1048576K
}
Event: 13.992 GC heap before
{Heap before GC invocations=41 (full 0):
 garbage-first heap   total 232448K, used 186411K [0x0000000080000000, 0x0000000100000000)
  region size 1024K, 70 young (71680K), 4 survivors (4096K)
 Metaspace       used 111724K, committed 112512K, reserved 1146880K
  class space    used 15449K, committed 15808K, reserved 1048576K
}
Event: 13.999 GC heap after
{Heap after GC invocations=42 (full 0):
 garbage-first heap   total 232448K, used 123552K [0x0000000080000000, 0x0000000100000000)
  region size 1024K, 8 young (8192K), 8 survivors (8192K)
 Metaspace       used 111724K, committed 112512K, reserved 1146880K
  class space    used 15449K, committed 15808K, reserved 1048576K
}
Event: 14.030 GC heap before
{Heap before GC invocations=42 (full 0):
 garbage-first heap   total 232448K, used 125600K [0x0000000080000000, 0x0000000100000000)
  region size 1024K, 11 young (11264K), 8 survivors (8192K)
 Metaspace       used 112382K, committed 113216K, reserved 1146880K
  class space    used 15543K, committed 15936K, reserved 1048576K
}
Event: 14.035 GC heap after
{Heap after GC invocations=43 (full 0):
 garbage-first heap   total 232448K, used 123480K [0x0000000080000000, 0x0000000100000000)
  region size 1024K, 2 young (2048K), 2 survivors (2048K)
 Metaspace       used 112382K, committed 113216K, reserved 1146880K
  class space    used 15543K, committed 15936K, reserved 1048576K
}
Event: 14.709 GC heap before
{Heap before GC invocations=43 (full 0):
 garbage-first heap   total 232448K, used 191064K [0x0000000080000000, 0x0000000100000000)
  region size 1024K, 69 young (70656K), 2 survivors (2048K)
 Metaspace       used 119655K, committed 120448K, reserved 1155072K
  class space    used 16797K, committed 17152K, reserved 1048576K
}

