# JRE version: OpenJDK Runtime Environment (17.0.6) (build 17.0.6+0-b2043.56-9586694)
# Java VM: OpenJDK 64-Bit Server VM (17.0.6+0-b2043.56-9586694, mixed mode, tiered, compressed oops, compressed class ptrs, g1 gc, windows-amd64)
GC Precious Log:
 CPUs: 8 total, 8 available
 Memory: 8072M
 Large Page Support: Disabled
 NUMA Support: Disabled
 Compressed Oops: Enabled (32-bit)
 Heap Region Size: 1M
 Heap Min Capacity: 8M
 Heap Initial Capacity: 128M
 Heap Max Capacity: 2G
 Pre-touch: Disabled
 Parallel Workers: 8
 Concurrent Workers: 2
 Concurrent Refinement Workers: 8
 Periodic GC: Disabled
Heap:
 garbage-first heap   total 234496K, used 103814K [0x0000000080000000, 0x0000000100000000)
  region size 1024K, 32 young (32768K), 4 survivors (4096K)
 Metaspace       used 83840K, committed 84416K, reserved 1122304K
  class space    used 11415K, committed 11648K, reserved 1048576K
GC Heap History (20 events):
Event: 9.126 GC heap before
{Heap before GC invocations=21 (full 0):
 garbage-first heap   total 96256K, used 59442K [0x0000000080000000, 0x0000000100000000)
  region size 1024K, 4 young (4096K), 3 survivors (3072K)
 Metaspace       used 63827K, committed 64256K, reserved 1105920K
  class space    used 8433K, committed 8640K, reserved 1048576K
}
Event: 9.129 GC heap after
{Heap after GC invocations=22 (full 0):
 garbage-first heap   total 96256K, used 58376K [0x0000000080000000, 0x0000000100000000)
  region size 1024K, 1 young (1024K), 1 survivors (1024K)
 Metaspace       used 63827K, committed 64256K, reserved 1105920K
  class space    used 8433K, committed 8640K, reserved 1048576K
}
Event: 9.383 GC heap before
{Heap before GC invocations=22 (full 0):
 garbage-first heap   total 96256K, used 76808K [0x0000000080000000, 0x0000000100000000)
  region size 1024K, 19 young (19456K), 1 survivors (1024K)
 Metaspace       used 65429K, committed 65920K, reserved 1114112K
  class space    used 8627K, committed 8832K, reserved 1048576K
}
Event: 9.386 GC heap after
{Heap after GC invocations=23 (full 0):
 garbage-first heap   total 96256K, used 59378K [0x0000000080000000, 0x0000000100000000)
  region size 1024K, 2 young (2048K), 2 survivors (2048K)
 Metaspace       used 65429K, committed 65920K, reserved 1114112K
  class space    used 8627K, committed 8832K, reserved 1048576K
}
Event: 9.640 GC heap before
{Heap before GC invocations=24 (full 0):
 garbage-first heap   total 109568K, used 77810K [0x0000000080000000, 0x0000000100000000)
  region size 1024K, 20 young (20480K), 2 survivors (2048K)
 Metaspace       used 67005K, committed 67584K, reserved 1114112K
  class space    used 8816K, committed 9088K, reserved 1048576K
}
Event: 9.643 GC heap after
{Heap after GC invocations=25 (full 0):
 garbage-first heap   total 109568K, used 61458K [0x0000000080000000, 0x0000000100000000)
  region size 1024K, 3 young (3072K), 3 survivors (3072K)
 Metaspace       used 67005K, committed 67584K, reserved 1114112K
  class space    used 8816K, committed 9088K, reserved 1048576K
}
Event: 9.668 GC heap before
{Heap before GC invocations=25 (full 0):
 garbage-first heap   total 109568K, used 63506K [0x0000000080000000, 0x0000000100000000)
  region size 1024K, 5 young (5120K), 3 survivors (3072K)
 Metaspace       used 67194K, committed 67712K, reserved 1114112K
  class space    used 8834K, committed 9088K, reserved 1048576K
}
Event: 9.672 GC heap after
{Heap after GC invocations=26 (full 0):
 garbage-first heap   total 132096K, used 62013K [0x0000000080000000, 0x0000000100000000)
  region size 1024K, 1 young (1024K), 1 survivors (1024K)
 Metaspace       used 67194K, committed 67712K, reserved 1114112K
  class space    used 8834K, committed 9088K, reserved 1048576K
}
Event: 10.457 GC heap before
{Heap before GC invocations=26 (full 0):
 garbage-first heap   total 132096K, used 100925K [0x0000000080000000, 0x0000000100000000)
  region size 1024K, 39 young (39936K), 1 survivors (1024K)
 Metaspace       used 70288K, committed 70848K, reserved 1114112K
  class space    used 9274K, committed 9536K, reserved 1048576K
}
Event: 10.461 GC heap after
{Heap after GC invocations=27 (full 0):
 garbage-first heap   total 132096K, used 64726K [0x0000000080000000, 0x0000000100000000)
  region size 1024K, 4 young (4096K), 4 survivors (4096K)
 Metaspace       used 70288K, committed 70848K, reserved 1114112K
  class space    used 9274K, committed 9536K, reserved 1048576K
}
Event: 10.912 GC heap before
{Heap before GC invocations=28 (full 0):
 garbage-first heap   total 132096K, used 102614K [0x0000000080000000, 0x0000000100000000)
  region size 1024K, 41 young (41984K), 4 survivors (4096K)
 Metaspace       used 71311K, committed 71872K, reserved 1114112K
  class space    used 9404K, committed 9664K, reserved 1048576K
}
Event: 10.919 GC heap after
{Heap after GC invocations=29 (full 0):
 garbage-first heap   total 132096K, used 67431K [0x0000000080000000, 0x0000000100000000)
  region size 1024K, 4 young (4096K), 4 survivors (4096K)
 Metaspace       used 71311K, committed 71872K, reserved 1114112K
  class space    used 9404K, committed 9664K, reserved 1048576K
}
Event: 10.940 GC heap before
{Heap before GC invocations=29 (full 0):
 garbage-first heap   total 132096K, used 69479K [0x0000000080000000, 0x0000000100000000)
  region size 1024K, 6 young (6144K), 4 survivors (4096K)
 Metaspace       used 71482K, committed 72064K, reserved 1114112K
  class space    used 9436K, committed 9728K, reserved 1048576K
}
Event: 10.943 GC heap after
{Heap after GC invocations=30 (full 0):
 garbage-first heap   total 132096K, used 67544K [0x0000000080000000, 0x0000000100000000)
  region size 1024K, 1 young (1024K), 1 survivors (1024K)
 Metaspace       used 71482K, committed 72064K, reserved 1114112K
  class space    used 9436K, committed 9728K, reserved 1048576K
}
Event: 11.502 GC heap before
{Heap before GC invocations=30 (full 0):
 garbage-first heap   total 132096K, used 104408K [0x0000000080000000, 0x0000000100000000)
  region size 1024K, 37 young (37888K), 1 survivors (1024K)
 Metaspace       used 75906K, committed 76480K, reserved 1122304K
  class space    used 10251K, committed 10496K, reserved 1048576K
}
Event: 11.506 GC heap after
{Heap after GC invocations=31 (full 0):
 garbage-first heap   total 132096K, used 69503K [0x0000000080000000, 0x0000000100000000)
  region size 1024K, 3 young (3072K), 3 survivors (3072K)
 Metaspace       used 75906K, committed 76480K, reserved 1122304K
  class space    used 10251K, committed 10496K, reserved 1048576K
}
Event: 11.821 GC heap before
{Heap before GC invocations=31 (full 0):
 garbage-first heap   total 132096K, used 106367K [0x0000000080000000, 0x0000000100000000)
  region size 1024K, 39 young (39936K), 3 survivors (3072K)
 Metaspace       used 77710K, committed 78272K, reserved 1122304K
  class space    used 10522K, committed 10752K, reserved 1048576K
}
Event: 11.826 GC heap after
{Heap after GC invocations=32 (full 0):
 garbage-first heap   total 132096K, used 72557K [0x0000000080000000, 0x0000000100000000)
  region size 1024K, 5 young (5120K), 5 survivors (5120K)
 Metaspace       used 77710K, committed 78272K, reserved 1122304K
  class space    used 10522K, committed 10752K, reserved 1048576K
}
Event: 12.261 GC heap before
{Heap before GC invocations=32 (full 0):
 garbage-first heap   total 132096K, used 107373K [0x0000000080000000, 0x0000000100000000)
  region size 1024K, 39 young (39936K), 5 survivors (5120K)
 Metaspace       used 79816K, committed 80512K, reserved 1122304K
  class space    used 10816K, committed 11136K, reserved 1048576K
}
Event: 12.271 GC heap after
{Heap after GC invocations=33 (full 0):
 garbage-first heap   total 234496K, used 76166K [0x0000000080000000, 0x0000000100000000)
  region size 1024K, 4 young (4096K), 4 survivors (4096K)
 Metaspace       used 79816K, committed 80512K, reserved 1122304K
  class space    used 10816K, committed 11136K, reserved 1048576K
}

