# JRE version: OpenJDK Runtime Environment (17.0.6) (build 17.0.6+0-b2043.56-9586694)
# Java VM: OpenJDK 64-Bit Server VM (17.0.6+0-b2043.56-9586694, mixed mode, tiered, compressed oops, compressed class ptrs, g1 gc, windows-amd64)
GC Precious Log:
 CPUs: 8 total, 8 available
 Memory: 8072M
 Large Page Support: Disabled
 NUMA Support: Disabled
 Compressed Oops: Enabled (32-bit)
 Heap Region Size: 1M
 Heap Min Capacity: 8M
 Heap Initial Capacity: 128M
 Heap Max Capacity: 2G
 Pre-touch: Disabled
 Parallel Workers: 8
 Concurrent Workers: 2
 Concurrent Refinement Workers: 8
 Periodic GC: Disabled
Heap:
 garbage-first heap   total 189440K, used 106257K [0x0000000080000000, 0x0000000100000000)
  region size 1024K, 4 young (4096K), 4 survivors (4096K)
 Metaspace       used 90583K, committed 91200K, reserved 1130496K
  class space    used 12379K, committed 12672K, reserved 1048576K
GC Heap History (20 events):
Event: 10.305 GC heap after
{Heap after GC invocations=30 (full 0):
 garbage-first heap   total 150528K, used 73970K [0x0000000080000000, 0x0000000100000000)
  region size 1024K, 7 young (7168K), 7 survivors (7168K)
 Metaspace       used 78400K, committed 78976K, reserved 1122304K
  class space    used 10614K, committed 10880K, reserved 1048576K
}
Event: 11.025 GC heap before
{Heap before GC invocations=30 (full 0):
 garbage-first heap   total 150528K, used 119026K [0x0000000080000000, 0x0000000100000000)
  region size 1024K, 51 young (52224K), 7 survivors (7168K)
 Metaspace       used 84257K, committed 84864K, reserved 1122304K
  class space    used 11469K, committed 11776K, reserved 1048576K
}
Event: 11.033 GC heap after
{Heap after GC invocations=31 (full 0):
 garbage-first heap   total 150528K, used 77442K [0x0000000080000000, 0x0000000100000000)
  region size 1024K, 4 young (4096K), 4 survivors (4096K)
 Metaspace       used 84257K, committed 84864K, reserved 1122304K
  class space    used 11469K, committed 11776K, reserved 1048576K
}
Event: 11.470 GC heap before
{Heap before GC invocations=31 (full 0):
 garbage-first heap   total 150528K, used 120450K [0x0000000080000000, 0x0000000100000000)
  region size 1024K, 46 young (47104K), 4 survivors (4096K)
 Metaspace       used 86613K, committed 87232K, reserved 1130496K
  class space    used 11778K, committed 12096K, reserved 1048576K
}
Event: 11.477 GC heap after
{Heap after GC invocations=32 (full 0):
 garbage-first heap   total 150528K, used 82490K [0x0000000080000000, 0x0000000100000000)
  region size 1024K, 6 young (6144K), 6 survivors (6144K)
 Metaspace       used 86613K, committed 87232K, reserved 1130496K
  class space    used 11778K, committed 12096K, reserved 1048576K
}
Event: 11.773 GC heap before
{Heap before GC invocations=33 (full 0):
 garbage-first heap   total 153600K, used 121402K [0x0000000080000000, 0x0000000100000000)
  region size 1024K, 45 young (46080K), 6 survivors (6144K)
 Metaspace       used 87408K, committed 88000K, reserved 1130496K
  class space    used 11936K, committed 12224K, reserved 1048576K
}
Event: 11.782 GC heap after
{Heap after GC invocations=34 (full 0):
 garbage-first heap   total 153600K, used 88858K [0x0000000080000000, 0x0000000100000000)
  region size 1024K, 6 young (6144K), 6 survivors (6144K)
 Metaspace       used 87408K, committed 88000K, reserved 1130496K
  class space    used 11936K, committed 12224K, reserved 1048576K
}
Event: 12.384 GC heap before
{Heap before GC invocations=34 (full 0):
 garbage-first heap   total 153600K, used 123674K [0x0000000080000000, 0x0000000100000000)
  region size 1024K, 41 young (41984K), 6 survivors (6144K)
 Metaspace       used 89207K, committed 89856K, reserved 1130496K
  class space    used 12281K, committed 12544K, reserved 1048576K
}
Event: 12.392 GC heap after
{Heap after GC invocations=35 (full 0):
 garbage-first heap   total 184320K, used 93312K [0x0000000080000000, 0x0000000100000000)
  region size 1024K, 5 young (5120K), 5 survivors (5120K)
 Metaspace       used 89207K, committed 89856K, reserved 1130496K
  class space    used 12281K, committed 12544K, reserved 1048576K
}
Event: 12.888 GC heap before
{Heap before GC invocations=36 (full 0):
 garbage-first heap   total 184320K, used 145536K [0x0000000080000000, 0x0000000100000000)
  region size 1024K, 57 young (58368K), 5 survivors (5120K)
 Metaspace       used 89486K, committed 90048K, reserved 1130496K
  class space    used 12283K, committed 12544K, reserved 1048576K
}
Event: 12.893 GC heap after
{Heap after GC invocations=37 (full 0):
 garbage-first heap   total 184320K, used 95836K [0x0000000080000000, 0x0000000100000000)
  region size 1024K, 7 young (7168K), 7 survivors (7168K)
 Metaspace       used 89486K, committed 90048K, reserved 1130496K
  class space    used 12283K, committed 12544K, reserved 1048576K
}
Event: 12.911 GC heap before
{Heap before GC invocations=37 (full 0):
 garbage-first heap   total 184320K, used 96860K [0x0000000080000000, 0x0000000100000000)
  region size 1024K, 9 young (9216K), 7 survivors (7168K)
 Metaspace       used 89495K, committed 90112K, reserved 1130496K
  class space    used 12283K, committed 12544K, reserved 1048576K
}
Event: 12.917 GC heap after
{Heap after GC invocations=38 (full 0):
 garbage-first heap   total 184320K, used 95953K [0x0000000080000000, 0x0000000100000000)
  region size 1024K, 1 young (1024K), 1 survivors (1024K)
 Metaspace       used 89495K, committed 90112K, reserved 1130496K
  class space    used 12283K, committed 12544K, reserved 1048576K
}
Event: 13.487 GC heap before
{Heap before GC invocations=38 (full 0):
 garbage-first heap   total 184320K, used 149201K [0x0000000080000000, 0x0000000100000000)
  region size 1024K, 54 young (55296K), 1 survivors (1024K)
 Metaspace       used 90118K, committed 90752K, reserved 1130496K
  class space    used 12339K, committed 12608K, reserved 1048576K
}
Event: 13.493 GC heap after
{Heap after GC invocations=39 (full 0):
 garbage-first heap   total 184320K, used 98987K [0x0000000080000000, 0x0000000100000000)
  region size 1024K, 4 young (4096K), 4 survivors (4096K)
 Metaspace       used 90118K, committed 90752K, reserved 1130496K
  class space    used 12339K, committed 12608K, reserved 1048576K
}
Event: 13.948 GC heap before
{Heap before GC invocations=40 (full 0):
 garbage-first heap   total 189440K, used 150187K [0x0000000080000000, 0x0000000100000000)
  region size 1024K, 55 young (56320K), 4 survivors (4096K)
 Metaspace       used 90508K, committed 91136K, reserved 1130496K
  class space    used 12375K, committed 12672K, reserved 1048576K
}
Event: 13.955 GC heap after
{Heap after GC invocations=41 (full 0):
 garbage-first heap   total 189440K, used 103149K [0x0000000080000000, 0x0000000100000000)
  region size 1024K, 5 young (5120K), 5 survivors (5120K)
 Metaspace       used 90508K, committed 91136K, reserved 1130496K
  class space    used 12375K, committed 12672K, reserved 1048576K
}
Event: 13.974 GC heap before
{Heap before GC invocations=41 (full 0):
 garbage-first heap   total 189440K, used 107245K [0x0000000080000000, 0x0000000100000000)
  region size 1024K, 9 young (9216K), 5 survivors (5120K)
 Metaspace       used 90522K, committed 91136K, reserved 1130496K
  class space    used 12375K, committed 12672K, reserved 1048576K
}
Event: 13.979 GC heap after
{Heap after GC invocations=42 (full 0):
 garbage-first heap   total 189440K, used 103644K [0x0000000080000000, 0x0000000100000000)
  region size 1024K, 1 young (1024K), 1 survivors (1024K)
 Metaspace       used 90522K, committed 91136K, reserved 1130496K
  class space    used 12375K, committed 12672K, reserved 1048576K
}
Event: 14.274 GC heap before
{Heap before GC invocations=42 (full 0):
 garbage-first heap   total 189440K, used 154844K [0x0000000080000000, 0x0000000100000000)
  region size 1024K, 52 young (53248K), 1 survivors (1024K)
 Metaspace       used 90583K, committed 91200K, reserved 1130496K
  class space    used 12379K, committed 12672K, reserved 1048576K
}

